<?xml version="1.0" encoding="UTF-8"?>
<testng-results skipped="0" failed="0" ignored="0" total="3" passed="3">
  <reporter-output>
  </reporter-output>
  <suite name="Default suite" duration-ms="92945" started-at="2017-10-10T13:51:40Z" finished-at="2017-10-10T13:53:13Z">
    <groups>
    </groups>
    <test name="Default test" duration-ms="92945" started-at="2017-10-10T13:51:40Z" finished-at="2017-10-10T13:53:13Z">
      <class name="com.metacube.testautomation.TestNG_DemoSelenium">
        <test-method status="PASS" signature="beforeTest()[pri:0, instance:com.metacube.testautomation.TestNG_DemoSelenium@1654521]" name="beforeTest" is-config="true" duration-ms="4385" started-at="2017-10-10T19:21:40Z" finished-at="2017-10-10T19:21:45Z">
          <reporter-output>
          </reporter-output>
        </test-method> <!-- beforeTest -->
        <test-method status="PASS" signature="testLinkFoundOnChrome()[pri:1, instance:com.metacube.testautomation.TestNG_DemoSelenium@1654521]" name="testLinkFoundOnChrome" duration-ms="16867" started-at="2017-10-10T19:21:45Z" finished-at="2017-10-10T19:22:01Z">
          <reporter-output>
          </reporter-output>
        </test-method> <!-- testLinkFoundOnChrome -->
        <test-method status="PASS" signature="testLinkFoundOnIE()[pri:2, instance:com.metacube.testautomation.TestNG_DemoSelenium@1654521]" name="testLinkFoundOnIE" duration-ms="17688" started-at="2017-10-10T19:22:01Z" finished-at="2017-10-10T19:22:19Z">
          <reporter-output>
          </reporter-output>
        </test-method> <!-- testLinkFoundOnIE -->
        <test-method status="PASS" signature="testLinkFoundOnFirefox()[pri:3, instance:com.metacube.testautomation.TestNG_DemoSelenium@1654521]" name="testLinkFoundOnFirefox" duration-ms="52955" started-at="2017-10-10T19:22:19Z" finished-at="2017-10-10T19:23:12Z">
          <reporter-output>
          </reporter-output>
        </test-method> <!-- testLinkFoundOnFirefox -->
        <test-method status="PASS" signature="afterTest()[pri:0, instance:com.metacube.testautomation.TestNG_DemoSelenium@1654521]" name="afterTest" is-config="true" duration-ms="1001" started-at="2017-10-10T19:23:12Z" finished-at="2017-10-10T19:23:13Z">
          <reporter-output>
          </reporter-output>
        </test-method> <!-- afterTest -->
      </class> <!-- com.metacube.testautomation.TestNG_DemoSelenium -->
    </test> <!-- Default test -->
  </suite> <!-- Default suite -->
</testng-results>
